<?xml version="1.0" encoding="UTF-8"?>
<!-- Generated by org.testng.reporters.JUnitReportReporter -->
<testsuite skipped="0" hostname="vani" name="DataFromExcel.TestUtil" tests="1" failures="0" timestamp="28 Apr 2019 13:47:43 GMT" time="0.895" errors="0">
  <testcase name="excelData" time="0.895" classname="DataFromExcel.TestUtil"/>
</testsuite> <!-- DataFromExcel.TestUtil -->
