<?xml version="1.0" encoding="UTF-8"?>
<!-- Generated by org.testng.reporters.JUnitReportReporter -->
<testsuite skipped="0" hostname="vani" name="SamplTest" tests="1" failures="0" timestamp="27 Apr 2019 08:19:25 GMT" time="9.379" errors="0">
  <testcase name="launching_browser" time="9.379" classname="SamplTest"/>
</testsuite> <!-- SamplTest -->
