<?xml version="1.0" encoding="UTF-8"?>
<!-- Generated by org.testng.reporters.JUnitReportReporter -->
<testsuite skipped="0" hostname="vani" name="TestNG.Annotations" tests="2" failures="0" timestamp="22 Apr 2019 06:43:46 GMT" time="0.013" errors="0">
  <testcase name="testReceiveEmail" time="0.008" classname="TestNG.Annotations"/>
  <testcase name="testSendEmail" time="0.005" classname="TestNG.Annotations"/>
</testsuite> <!-- TestNG.Annotations -->
