<?xml version="1.0" encoding="UTF-8"?>
<!-- Generated by org.testng.reporters.JUnitReportReporter -->
<testsuite skipped="0" hostname="vani" name="TestNGPractice.TestNgBasics" tests="1" failures="0" timestamp="24 Apr 2019 06:39:51 GMT" time="0.000" errors="0">
  <testcase name="googleTitleTest" time="0.000" classname="TestNGPractice.TestNgBasics"/>
</testsuite> <!-- TestNGPractice.TestNgBasics -->
