<?xml version="1.0" encoding="UTF-8"?>
<!-- Generated by org.testng.reporters.JUnitReportReporter -->
<testsuite skipped="0" hostname="vani" name="TestNG.GetData" tests="2" failures="0" timestamp="22 Apr 2019 10:41:11 GMT" time="0.012" errors="0">
  <testcase name="register" time="0.008" classname="TestNG.GetData"/>
  <testcase name="register" time="0.004" classname="TestNG.GetData"/>
</testsuite> <!-- TestNG.GetData -->
