<?xml version="1.0" encoding="UTF-8"?>
<!-- Generated by org.testng.reporters.JUnitReportReporter -->
<testsuite skipped="0" hostname="vani" name="TestNGPractice.TestNGgroups" tests="15" failures="0" timestamp="24 Apr 2019 15:00:18 GMT" time="0.084" errors="1">
  <testcase name="loginTest" time="0.004" classname="TestNGPractice.TestNGgroups"/>
  <testcase name="loginTest" time="0.000" classname="TestNGPractice.TestNGgroups"/>
  <testcase name="loginTest" time="0.004" classname="TestNGPractice.TestNGgroups"/>
  <testcase name="test1" time="0.024" classname="TestNGPractice.TestNGgroups">
    <error type="org.testng.internal.thread.ThreadTimeoutException" message="Method TestNGPractice.TestNGgroups.test1() didn&#039;t finish within the time-out 2">
      <![CDATA[org.testng.internal.thread.ThreadTimeoutException: Method TestNGPractice.TestNGgroups.test1() didn't finish within the time-out 2
at java.io.FileOutputStream.writeBytes(Native Method)
at java.io.FileOutputStream.write(FileOutputStream.java:326)
at java.io.BufferedOutputStream.flushBuffer(BufferedOutputStream.java:82)
at java.io.BufferedOutputStream.flush(BufferedOutputStream.java:140)
at java.io.PrintStream.write(PrintStream.java:482)
at sun.nio.cs.StreamEncoder.writeBytes(StreamEncoder.java:221)
at sun.nio.cs.StreamEncoder.implFlushBuffer(StreamEncoder.java:291)
at sun.nio.cs.StreamEncoder.flushBuffer(StreamEncoder.java:104)
at java.io.OutputStreamWriter.flushBuffer(OutputStreamWriter.java:185)
at java.io.PrintStream.write(PrintStream.java:527)
at java.io.PrintStream.print(PrintStream.java:597)
at java.io.PrintStream.println(PrintStream.java:736)
at TestNGPractice.TestNGgroups.test1(TestNGgroups.java:42)
at sun.reflect.NativeMethodAccessorImpl.invoke0(Native Method)
at sun.reflect.NativeMethodAccessorImpl.invoke(NativeMethodAccessorImpl.java:62)
at sun.reflect.DelegatingMethodAccessorImpl.invoke(DelegatingMethodAccessorImpl.java:43)
at java.lang.reflect.Method.invoke(Method.java:498)
at org.testng.internal.MethodInvocationHelper.invokeMethod(MethodInvocationHelper.java:124)
at org.testng.internal.InvokeMethodRunnable.runOne(InvokeMethodRunnable.java:54)
at org.testng.internal.InvokeMethodRunnable.run(InvokeMethodRunnable.java:40)
at java.util.concurrent.Executors$RunnableAdapter.call(Executors.java:511)
at java.util.concurrent.FutureTask.run(FutureTask.java:266)
at java.util.concurrent.ThreadPoolExecutor.runWorker(ThreadPoolExecutor.java:1142)
at java.util.concurrent.ThreadPoolExecutor$Worker.run(ThreadPoolExecutor.java:617)
at java.lang.Thread.run(Thread.java:745)
]]>
    </error>
  </testcase> <!-- test1 -->
  <testcase name="loginTest" time="0.000" classname="TestNGPractice.TestNGgroups"/>
  <testcase name="loginTest" time="0.004" classname="TestNGPractice.TestNGgroups"/>
  <testcase name="loginTest" time="0.004" classname="TestNGPractice.TestNGgroups"/>
  <testcase name="loginTest" time="0.000" classname="TestNGPractice.TestNGgroups"/>
  <testcase name="homePageTest" time="0.012" classname="TestNGPractice.TestNGgroups"/>
  <testcase name="loginTest" time="0.000" classname="TestNGPractice.TestNGgroups"/>
  <testcase name="searchPageTest" time="0.000" classname="TestNGPractice.TestNGgroups"/>
  <testcase name="test2" time="0.028" classname="TestNGPractice.TestNGgroups"/>
  <testcase name="logOutTest" time="0.000" classname="TestNGPractice.TestNGgroups"/>
  <testcase name="loginTest" time="0.000" classname="TestNGPractice.TestNGgroups"/>
  <testcase name="loginTest" time="0.004" classname="TestNGPractice.TestNGgroups"/>
</testsuite> <!-- TestNGPractice.TestNGgroups -->
