<?xml version="1.0" encoding="UTF-8"?>
<!-- Generated by org.testng.reporters.JUnitReportReporter -->
<testsuite skipped="0" hostname="vani" name="Analyzer.Samplee" tests="2" failures="0" timestamp="27 Apr 2019 08:49:01 GMT" time="22.453" errors="0">
  <testcase name="launching_browser" time="4.976" classname="Analyzer.Samplee"/>
  <testcase name="launching_browser" time="17.477" classname="Analyzer.Samplee"/>
</testsuite> <!-- Analyzer.Samplee -->
