<?xml version="1.0" encoding="UTF-8"?>
<!-- Generated by org.testng.reporters.JUnitReportReporter -->
<testsuite skipped="1" hostname="vani" name="TestNG.SkipTest" tests="1" failures="0" timestamp="23 Apr 2019 12:28:38 GMT" time="0.000" errors="0">
  <testcase name="test" time="0.000" classname="TestNG.SkipTest">
    <skipped/>
  </testcase> <!-- test -->
</testsuite> <!-- TestNG.SkipTest -->
