<?xml version="1.0" encoding="UTF-8"?>
<!-- Generated by org.testng.reporters.JUnitReportReporter -->
<testsuite skipped="0" hostname="vani" name="DataProvider.Sample" tests="4" failures="0" timestamp="23 Apr 2019 14:37:45 GMT" time="0.016" errors="0">
  <testcase name="stest" time="0.016" classname="DataProvider.Sample"/>
  <testcase name="stest" time="0.000" classname="DataProvider.Sample"/>
  <testcase name="test2" time="0.000" classname="DataProvider.Sample"/>
  <testcase name="test2" time="0.000" classname="DataProvider.Sample"/>
</testsuite> <!-- DataProvider.Sample -->
