<?xml version="1.0" encoding="UTF-8"?>
<!-- Generated by org.testng.reporters.JUnitReportReporter -->
<testsuite skipped="0" hostname="vani" name="TestNG.YahooNewsTest" tests="1" failures="0" timestamp="23 Apr 2019 17:03:15 GMT" time="0.015" errors="0">
  <testcase name="test2" time="0.015" classname="TestNG.YahooNewsTest"/>
</testsuite> <!-- TestNG.YahooNewsTest -->
